[debug] [2020-05-26T18:12:42.380Z] ----------------------------------------------------------------------
[debug] [2020-05-26T18:12:42.384Z] Command:       C:\Users\pohodnik\DOWNLO~1\firebase-tools-instant-win.exe C:\Users\pohodnik\.cache\firebase\tools\lib\node_modules\firebase-tools\lib\bin\firebase deploy
[debug] [2020-05-26T18:12:42.385Z] CLI Version:   8.4.0
[debug] [2020-05-26T18:12:42.385Z] Platform:      win32
[debug] [2020-05-26T18:12:42.385Z] Node Version:  v12.16.1
[debug] [2020-05-26T18:12:42.387Z] Time:          Tue May 26 2020 21:12:42 GMT+0300 (GMT+03:00)
[debug] [2020-05-26T18:12:42.388Z] ----------------------------------------------------------------------
[debug] [2020-05-26T18:12:42.389Z] 
[debug] [2020-05-26T18:12:42.422Z] > command requires scopes: ["email","openid","https://www.googleapis.com/auth/cloudplatformprojects.readonly","https://www.googleapis.com/auth/firebase","https://www.googleapis.com/auth/cloud-platform"]
[debug] [2020-05-26T18:12:42.430Z] > authorizing via signed-in user
[debug] [2020-05-26T18:12:42.431Z] [iam] checking project letsdo-26bb2 for permissions ["firebase.projects.get","firebasedatabase.instances.update","firebasehosting.sites.update"]
[debug] [2020-05-26T18:12:42.448Z] >>> HTTP REQUEST POST https://cloudresourcemanager.googleapis.com/v1/projects/letsdo-26bb2:testIamPermissions  
 {"permissions":["firebase.projects.get","firebasedatabase.instances.update","firebasehosting.sites.update"]}
[debug] [2020-05-26T18:13:04.026Z] <<< HTTP RESPONSE 200 {"content-type":"application/json; charset=UTF-8","vary":"X-Origin, Referer, Origin,Accept-Encoding","date":"Tue, 26 May 2020 18:13:05 GMT","server":"ESF","cache-control":"private","x-xss-protection":"0","x-frame-options":"SAMEORIGIN","x-content-type-options":"nosniff","server-timing":"gfet4t7; dur=784","alt-svc":"h3-27=\":443\"; ma=2592000,h3-25=\":443\"; ma=2592000,h3-T050=\":443\"; ma=2592000,h3-Q050=\":443\"; ma=2592000,h3-Q049=\":443\"; ma=2592000,h3-Q048=\":443\"; ma=2592000,h3-Q046=\":443\"; ma=2592000,h3-Q043=\":443\"; ma=2592000,quic=\":443\"; ma=2592000; v=\"46,43\"","accept-ranges":"none","transfer-encoding":"chunked"}
[debug] [2020-05-26T18:13:04.031Z] >>> HTTP REQUEST GET https://firebase.googleapis.com/v1beta1/projects/letsdo-26bb2  
 
[debug] [2020-05-26T18:13:25.760Z] <<< HTTP RESPONSE 200 {"content-type":"application/json; charset=UTF-8","vary":"X-Origin, Referer, Origin,Accept-Encoding","date":"Tue, 26 May 2020 18:13:25 GMT","server":"ESF","cache-control":"private","x-xss-protection":"0","x-frame-options":"SAMEORIGIN","x-content-type-options":"nosniff","alt-svc":"h3-27=\":443\"; ma=2592000,h3-25=\":443\"; ma=2592000,h3-T050=\":443\"; ma=2592000,h3-Q050=\":443\"; ma=2592000,h3-Q049=\":443\"; ma=2592000,h3-Q048=\":443\"; ma=2592000,h3-Q046=\":443\"; ma=2592000,h3-Q043=\":443\"; ma=2592000,quic=\":443\"; ma=2592000; v=\"46,43\"","accept-ranges":"none","transfer-encoding":"chunked"}
[info] 
[info] === Deploying to 'letsdo-26bb2'...
[info] 
[info] i  deploying database, hosting 
[info] i  database: checking rules syntax... 
[debug] [2020-05-26T18:13:25.785Z] >>> HTTP REQUEST PUT https://letsdo-26bb2.firebaseio.com/.settings/rules.json?dryRun=true  
 {
  /* Visit https://firebase.google.com/docs/database/security to learn more about security rules. */
  "rules": {
    ".read": "true",
    ".write": "auth != null"
  }
}
[debug] [2020-05-26T18:13:56.981Z] <<< HTTP RESPONSE 200 {"server":"nginx","date":"Tue, 26 May 2020 18:13:58 GMT","content-type":"application/json; charset=utf-8","content-length":"15","connection":"keep-alive","access-control-allow-origin":"*","cache-control":"no-cache","strict-transport-security":"max-age=31556926; includeSubDomains; preload"}
[info] +  database: rules syntax for database letsdo-26bb2 is valid 
[debug] [2020-05-26T18:13:56.985Z] >>> HTTP REQUEST POST https://firebasehosting.googleapis.com/v1beta1/sites/letsdo-26bb2/versions  
 {"config":{"rewrites":[{"glob":"**","path":"/index.html"}]},"labels":{"deployment-tool":"cli-firebase"}}
[debug] [2020-05-26T18:14:08.307Z] Error: getaddrinfo ENOTFOUND firebasehosting.googleapis.com
    at GetAddrInfoReqWrap.onlookup [as oncomplete] (dns.js:64:26)
[error] 
[error] Error: Server Error. getaddrinfo ENOTFOUND firebasehosting.googleapis.com
